mobileSDK/build/intermediates/manifest_merge_blame_file/release/manifest-merger-blame-release-report.txt
1<?xml version="1.0" encoding="utf-8"?>
2<manifest xmlns:android="http://schemas.android.com/apk/res/android"
3    package="com.c4f.mobileSDK" >
4
5    <uses-sdk android:minSdkVersion="21" />
6
7    <uses-permission android:name="android.permission.INTERNET" />
7-->src\main\AndroidManifest.xml:3:2-64
7-->src\main\AndroidManifest.xml:3:19-61
8    <uses-permission android:name="android.permission.ACCESS_NETWORK_STATE" />
8-->src\main\AndroidManifest.xml:4:2-76
8-->src\main\AndroidManifest.xml:4:19-73
9    <uses-permission android:name="android.permission.ACCESS_FINE_LOCATION" />
9-->src\main\AndroidManifest.xml:5:2-76
9-->src\main\AndroidManifest.xml:5:19-73
10    <uses-permission android:name="android.permission.ACCESS_COARSE_LOCATION" />
10-->src\main\AndroidManifest.xml:6:2-78
10-->src\main\AndroidManifest.xml:6:19-75
11
12    <application>
12-->src\main\AndroidManifest.xml:7:2-11:16
13
14        <!-- Survey Activities WITH THEMES -->
15        <activity
15-->src\main\AndroidManifest.xml:9:3-138
16            android:name="com.c4f.mobileSDK.SurveyFullScreenActivity"
16-->src\main\AndroidManifest.xml:9:13-53
17            android:exported="false"
17-->src\main\AndroidManifest.xml:9:54-78
18            android:theme="@style/Theme.AppCompat.Light.NoActionBar" />
18-->src\main\AndroidManifest.xml:9:79-135
19        <activity
19-->src\main\AndroidManifest.xml:10:3-138
20            android:name="com.c4f.mobileSDK.SurveyForegroundActivity"
20-->src\main\AndroidManifest.xml:10:13-53
21            android:exported="false"
21-->src\main\AndroidManifest.xml:10:54-78
22            android:theme="@style/Theme.AppCompat.Light.NoActionBar" />
22-->src\main\AndroidManifest.xml:10:79-135
23    </application>
24
25</manifest>